2017-08-25 16:17:04 trace :
------------
String:
<xml><ToUserName><![CDATA[gh_2ac110140a4d]]></ToUserName>
<FromUserName><![CDATA[ozapJwdAOLc0TUOOgZxiowyGgBk0]]></FromUserName>
<CreateTime>1503649145</CreateTime>
<MsgType><![CDATA[event]]></MsgType>
<Event><![CDATA[VIEW]]></Event>
<EventKey><![CDATA[http://shanque.zhangshuoyin.cn/app/./index.php?i=1&c=entry&eid=119]]></EventKey>
<MenuId>418167167</MenuId>
</xml>

2017-08-25 16:17:05 params :
------------
String:
array (
  'rule' => -2,
  'module' => '',
  'message' => 
  array (
    'tousername' => 'gh_2ac110140a4d',
    'fromusername' => 'ozapJwdAOLc0TUOOgZxiowyGgBk0',
    'createtime' => '1503649145',
    'msgtype' => 'event',
    'event' => 'VIEW',
    'eventkey' => 'http://shanque.zhangshuoyin.cn/app/./index.php?i=1&c=entry&eid=119',
    'menuid' => '418167167',
    'from' => 'ozapJwdAOLc0TUOOgZxiowyGgBk0',
    'to' => 'gh_2ac110140a4d',
    'time' => '1503649145',
    'type' => 'text',
    'content' => 'http://shanque.zhangshuoyin.cn/app/./index.php?i=1&c=entry&eid=119',
    'redirection' => true,
    'source' => 'VIEW',
  ),
)

2017-08-25 16:17:05 response :
------------

2017-08-25 16:17:16 trace :
------------
String:
<xml><ToUserName><![CDATA[gh_2ac110140a4d]]></ToUserName>
<FromUserName><![CDATA[ozapJwdAOLc0TUOOgZxiowyGgBk0]]></FromUserName>
<CreateTime>1503649158</CreateTime>
<MsgType><![CDATA[event]]></MsgType>
<Event><![CDATA[VIEW]]></Event>
<EventKey><![CDATA[http://shanque.zhangshuoyin.cn/app/index.php?i=1&c=entry&m=ewei_shopv2&do=mobile]]></EventKey>
<MenuId>418167167</MenuId>
</xml>

2017-08-25 16:17:16 params :
------------
String:
array (
  'rule' => -2,
  'module' => '',
  'message' => 
  array (
    'tousername' => 'gh_2ac110140a4d',
    'fromusername' => 'ozapJwdAOLc0TUOOgZxiowyGgBk0',
    'createtime' => '1503649158',
    'msgtype' => 'event',
    'event' => 'VIEW',
    'eventkey' => 'http://shanque.zhangshuoyin.cn/app/index.php?i=1&c=entry&m=ewei_shopv2&do=mobile',
    'menuid' => '418167167',
    'from' => 'ozapJwdAOLc0TUOOgZxiowyGgBk0',
    'to' => 'gh_2ac110140a4d',
    'time' => '1503649158',
    'type' => 'text',
    'content' => 'http://shanque.zhangshuoyin.cn/app/index.php?i=1&c=entry&m=ewei_shopv2&do=mobile',
    'redirection' => true,
    'source' => 'VIEW',
  ),
)

2017-08-25 16:17:16 response :
------------

