2017-08-14 20:00:15 trace :
------------
String:
<xml><ToUserName><![CDATA[gh_2ac110140a4d]]></ToUserName>
<FromUserName><![CDATA[ozapJwdAOLc0TUOOgZxiowyGgBk0]]></FromUserName>
<CreateTime>1502712107</CreateTime>
<MsgType><![CDATA[event]]></MsgType>
<Event><![CDATA[VIEW]]></Event>
<EventKey><![CDATA[http://shanque.zhangshuoyin.cn/app/index.php?i=1&c=entry&m=ewei_shopv2&do=mobile]]></EventKey>
<MenuId>418167167</MenuId>
</xml>

2017-08-14 20:00:15 params :
------------
String:
array (
  'rule' => -2,
  'module' => '',
  'message' => 
  array (
    'tousername' => 'gh_2ac110140a4d',
    'fromusername' => 'ozapJwdAOLc0TUOOgZxiowyGgBk0',
    'createtime' => '1502712107',
    'msgtype' => 'event',
    'event' => 'VIEW',
    'eventkey' => 'http://shanque.zhangshuoyin.cn/app/index.php?i=1&c=entry&m=ewei_shopv2&do=mobile',
    'menuid' => '418167167',
    'from' => 'ozapJwdAOLc0TUOOgZxiowyGgBk0',
    'to' => 'gh_2ac110140a4d',
    'time' => '1502712107',
    'type' => 'text',
    'content' => 'http://shanque.zhangshuoyin.cn/app/index.php?i=1&c=entry&m=ewei_shopv2&do=mobile',
    'redirection' => true,
    'source' => 'VIEW',
  ),
)

2017-08-14 20:00:15 response :
------------

2017-08-14 22:21:03 trace :
------------
String:
<xml><ToUserName><![CDATA[gh_2ac110140a4d]]></ToUserName>
<FromUserName><![CDATA[ozapJwdAOLc0TUOOgZxiowyGgBk0]]></FromUserName>
<CreateTime>1502720556</CreateTime>
<MsgType><![CDATA[event]]></MsgType>
<Event><![CDATA[VIEW]]></Event>
<EventKey><![CDATA[http://shanque.zhangshuoyin.cn/app/index.php?i=1&c=entry&m=ewei_shopv2&do=mobile&r=member]]></EventKey>
<MenuId>418167167</MenuId>
</xml>

2017-08-14 22:21:03 params :
------------
String:
array (
  'rule' => -2,
  'module' => '',
  'message' => 
  array (
    'tousername' => 'gh_2ac110140a4d',
    'fromusername' => 'ozapJwdAOLc0TUOOgZxiowyGgBk0',
    'createtime' => '1502720556',
    'msgtype' => 'event',
    'event' => 'VIEW',
    'eventkey' => 'http://shanque.zhangshuoyin.cn/app/index.php?i=1&c=entry&m=ewei_shopv2&do=mobile&r=member',
    'menuid' => '418167167',
    'from' => 'ozapJwdAOLc0TUOOgZxiowyGgBk0',
    'to' => 'gh_2ac110140a4d',
    'time' => '1502720556',
    'type' => 'text',
    'content' => 'http://shanque.zhangshuoyin.cn/app/index.php?i=1&c=entry&m=ewei_shopv2&do=mobile&r=member',
    'redirection' => true,
    'source' => 'VIEW',
  ),
)

2017-08-14 22:21:03 response :
------------

2017-08-14 22:21:15 trace :
------------
String:
<xml><ToUserName><![CDATA[gh_2ac110140a4d]]></ToUserName>
<FromUserName><![CDATA[ozapJwdAOLc0TUOOgZxiowyGgBk0]]></FromUserName>
<CreateTime>1502720568</CreateTime>
<MsgType><![CDATA[event]]></MsgType>
<Event><![CDATA[VIEW]]></Event>
<EventKey><![CDATA[http://shanque.zhangshuoyin.cn/app/./index.php?i=1&c=entry&eid=119]]></EventKey>
<MenuId>418167167</MenuId>
</xml>

2017-08-14 22:21:15 params :
------------
String:
array (
  'rule' => -2,
  'module' => '',
  'message' => 
  array (
    'tousername' => 'gh_2ac110140a4d',
    'fromusername' => 'ozapJwdAOLc0TUOOgZxiowyGgBk0',
    'createtime' => '1502720568',
    'msgtype' => 'event',
    'event' => 'VIEW',
    'eventkey' => 'http://shanque.zhangshuoyin.cn/app/./index.php?i=1&c=entry&eid=119',
    'menuid' => '418167167',
    'from' => 'ozapJwdAOLc0TUOOgZxiowyGgBk0',
    'to' => 'gh_2ac110140a4d',
    'time' => '1502720568',
    'type' => 'text',
    'content' => 'http://shanque.zhangshuoyin.cn/app/./index.php?i=1&c=entry&eid=119',
    'redirection' => true,
    'source' => 'VIEW',
  ),
)

2017-08-14 22:21:15 response :
------------

2017-08-14 22:21:25 trace :
------------
String:
<xml><ToUserName><![CDATA[gh_2ac110140a4d]]></ToUserName>
<FromUserName><![CDATA[ozapJwdAOLc0TUOOgZxiowyGgBk0]]></FromUserName>
<CreateTime>1502720578</CreateTime>
<MsgType><![CDATA[event]]></MsgType>
<Event><![CDATA[VIEW]]></Event>
<EventKey><![CDATA[http://shanque.zhangshuoyin.cn/app/./index.php?i=1&c=entry&eid=119]]></EventKey>
<MenuId>418167167</MenuId>
</xml>

2017-08-14 22:21:25 params :
------------
String:
array (
  'rule' => -2,
  'module' => '',
  'message' => 
  array (
    'tousername' => 'gh_2ac110140a4d',
    'fromusername' => 'ozapJwdAOLc0TUOOgZxiowyGgBk0',
    'createtime' => '1502720578',
    'msgtype' => 'event',
    'event' => 'VIEW',
    'eventkey' => 'http://shanque.zhangshuoyin.cn/app/./index.php?i=1&c=entry&eid=119',
    'menuid' => '418167167',
    'from' => 'ozapJwdAOLc0TUOOgZxiowyGgBk0',
    'to' => 'gh_2ac110140a4d',
    'time' => '1502720578',
    'type' => 'text',
    'content' => 'http://shanque.zhangshuoyin.cn/app/./index.php?i=1&c=entry&eid=119',
    'redirection' => true,
    'source' => 'VIEW',
  ),
)

2017-08-14 22:21:25 response :
------------

