2017-08-26 09:59:12 trace :
------------
String:
<xml><ToUserName><![CDATA[gh_2ac110140a4d]]></ToUserName>
<FromUserName><![CDATA[ozapJwdAOLc0TUOOgZxiowyGgBk0]]></FromUserName>
<CreateTime>1503712875</CreateTime>
<MsgType><![CDATA[event]]></MsgType>
<Event><![CDATA[VIEW]]></Event>
<EventKey><![CDATA[http://shanque.zhangshuoyin.cn/app/./index.php?i=1&c=entry&eid=119]]></EventKey>
<MenuId>418167167</MenuId>
</xml>

2017-08-26 09:59:12 params :
------------
String:
array (
  'rule' => -2,
  'module' => '',
  'message' => 
  array (
    'tousername' => 'gh_2ac110140a4d',
    'fromusername' => 'ozapJwdAOLc0TUOOgZxiowyGgBk0',
    'createtime' => '1503712875',
    'msgtype' => 'event',
    'event' => 'VIEW',
    'eventkey' => 'http://shanque.zhangshuoyin.cn/app/./index.php?i=1&c=entry&eid=119',
    'menuid' => '418167167',
    'from' => 'ozapJwdAOLc0TUOOgZxiowyGgBk0',
    'to' => 'gh_2ac110140a4d',
    'time' => '1503712875',
    'type' => 'text',
    'content' => 'http://shanque.zhangshuoyin.cn/app/./index.php?i=1&c=entry&eid=119',
    'redirection' => true,
    'source' => 'VIEW',
  ),
)

2017-08-26 09:59:12 response :
------------

2017-08-26 09:59:14 trace :
------------
String:
<xml><ToUserName><![CDATA[gh_2ac110140a4d]]></ToUserName>
<FromUserName><![CDATA[ozapJwdAOLc0TUOOgZxiowyGgBk0]]></FromUserName>
<CreateTime>1503712878</CreateTime>
<MsgType><![CDATA[event]]></MsgType>
<Event><![CDATA[VIEW]]></Event>
<EventKey><![CDATA[http://shanque.zhangshuoyin.cn/app/./index.php?i=1&c=entry&eid=119]]></EventKey>
<MenuId>418167167</MenuId>
</xml>

2017-08-26 09:59:14 params :
------------
String:
array (
  'rule' => -2,
  'module' => '',
  'message' => 
  array (
    'tousername' => 'gh_2ac110140a4d',
    'fromusername' => 'ozapJwdAOLc0TUOOgZxiowyGgBk0',
    'createtime' => '1503712878',
    'msgtype' => 'event',
    'event' => 'VIEW',
    'eventkey' => 'http://shanque.zhangshuoyin.cn/app/./index.php?i=1&c=entry&eid=119',
    'menuid' => '418167167',
    'from' => 'ozapJwdAOLc0TUOOgZxiowyGgBk0',
    'to' => 'gh_2ac110140a4d',
    'time' => '1503712878',
    'type' => 'text',
    'content' => 'http://shanque.zhangshuoyin.cn/app/./index.php?i=1&c=entry&eid=119',
    'redirection' => true,
    'source' => 'VIEW',
  ),
)

2017-08-26 09:59:14 response :
------------

2017-08-26 09:59:40 trace :
------------
String:
<xml><ToUserName><![CDATA[gh_2ac110140a4d]]></ToUserName>
<FromUserName><![CDATA[ozapJwdAOLc0TUOOgZxiowyGgBk0]]></FromUserName>
<CreateTime>1503712904</CreateTime>
<MsgType><![CDATA[event]]></MsgType>
<Event><![CDATA[VIEW]]></Event>
<EventKey><![CDATA[http://shanque.zhangshuoyin.cn/app/index.php?i=1&c=entry&m=ewei_shopv2&do=mobile]]></EventKey>
<MenuId>418167167</MenuId>
</xml>

2017-08-26 09:59:40 params :
------------
String:
array (
  'rule' => -2,
  'module' => '',
  'message' => 
  array (
    'tousername' => 'gh_2ac110140a4d',
    'fromusername' => 'ozapJwdAOLc0TUOOgZxiowyGgBk0',
    'createtime' => '1503712904',
    'msgtype' => 'event',
    'event' => 'VIEW',
    'eventkey' => 'http://shanque.zhangshuoyin.cn/app/index.php?i=1&c=entry&m=ewei_shopv2&do=mobile',
    'menuid' => '418167167',
    'from' => 'ozapJwdAOLc0TUOOgZxiowyGgBk0',
    'to' => 'gh_2ac110140a4d',
    'time' => '1503712904',
    'type' => 'text',
    'content' => 'http://shanque.zhangshuoyin.cn/app/index.php?i=1&c=entry&m=ewei_shopv2&do=mobile',
    'redirection' => true,
    'source' => 'VIEW',
  ),
)

2017-08-26 09:59:40 response :
------------

2017-08-26 10:01:54 trace :
------------
String:
<xml><ToUserName><![CDATA[gh_2ac110140a4d]]></ToUserName>
<FromUserName><![CDATA[ozapJwdAOLc0TUOOgZxiowyGgBk0]]></FromUserName>
<CreateTime>1503713037</CreateTime>
<MsgType><![CDATA[event]]></MsgType>
<Event><![CDATA[VIEW]]></Event>
<EventKey><![CDATA[http://shanque.zhangshuoyin.cn/app/index.php?i=1&c=entry&m=ewei_shopv2&do=mobile]]></EventKey>
<MenuId>418167167</MenuId>
</xml>

2017-08-26 10:01:54 params :
------------
String:
array (
  'rule' => -2,
  'module' => '',
  'message' => 
  array (
    'tousername' => 'gh_2ac110140a4d',
    'fromusername' => 'ozapJwdAOLc0TUOOgZxiowyGgBk0',
    'createtime' => '1503713037',
    'msgtype' => 'event',
    'event' => 'VIEW',
    'eventkey' => 'http://shanque.zhangshuoyin.cn/app/index.php?i=1&c=entry&m=ewei_shopv2&do=mobile',
    'menuid' => '418167167',
    'from' => 'ozapJwdAOLc0TUOOgZxiowyGgBk0',
    'to' => 'gh_2ac110140a4d',
    'time' => '1503713037',
    'type' => 'text',
    'content' => 'http://shanque.zhangshuoyin.cn/app/index.php?i=1&c=entry&m=ewei_shopv2&do=mobile',
    'redirection' => true,
    'source' => 'VIEW',
  ),
)

2017-08-26 10:01:54 response :
------------

2017-08-26 10:02:23 trace :
------------
String:
<xml><ToUserName><![CDATA[gh_2ac110140a4d]]></ToUserName>
<FromUserName><![CDATA[ozapJwdAOLc0TUOOgZxiowyGgBk0]]></FromUserName>
<CreateTime>1503713066</CreateTime>
<MsgType><![CDATA[event]]></MsgType>
<Event><![CDATA[VIEW]]></Event>
<EventKey><![CDATA[http://shanque.zhangshuoyin.cn/app/./index.php?i=1&c=entry&eid=119]]></EventKey>
<MenuId>418167167</MenuId>
</xml>

2017-08-26 10:02:23 params :
------------
String:
array (
  'rule' => -2,
  'module' => '',
  'message' => 
  array (
    'tousername' => 'gh_2ac110140a4d',
    'fromusername' => 'ozapJwdAOLc0TUOOgZxiowyGgBk0',
    'createtime' => '1503713066',
    'msgtype' => 'event',
    'event' => 'VIEW',
    'eventkey' => 'http://shanque.zhangshuoyin.cn/app/./index.php?i=1&c=entry&eid=119',
    'menuid' => '418167167',
    'from' => 'ozapJwdAOLc0TUOOgZxiowyGgBk0',
    'to' => 'gh_2ac110140a4d',
    'time' => '1503713066',
    'type' => 'text',
    'content' => 'http://shanque.zhangshuoyin.cn/app/./index.php?i=1&c=entry&eid=119',
    'redirection' => true,
    'source' => 'VIEW',
  ),
)

2017-08-26 10:02:23 response :
------------

2017-08-26 10:02:27 trace :
------------
String:
<xml><ToUserName><![CDATA[gh_2ac110140a4d]]></ToUserName>
<FromUserName><![CDATA[ozapJwdAOLc0TUOOgZxiowyGgBk0]]></FromUserName>
<CreateTime>1503713071</CreateTime>
<MsgType><![CDATA[event]]></MsgType>
<Event><![CDATA[VIEW]]></Event>
<EventKey><![CDATA[http://shanque.zhangshuoyin.cn/app/index.php?i=1&c=entry&m=ewei_shopv2&do=mobile&r=member]]></EventKey>
<MenuId>418167167</MenuId>
</xml>

2017-08-26 10:02:27 params :
------------
String:
array (
  'rule' => -2,
  'module' => '',
  'message' => 
  array (
    'tousername' => 'gh_2ac110140a4d',
    'fromusername' => 'ozapJwdAOLc0TUOOgZxiowyGgBk0',
    'createtime' => '1503713071',
    'msgtype' => 'event',
    'event' => 'VIEW',
    'eventkey' => 'http://shanque.zhangshuoyin.cn/app/index.php?i=1&c=entry&m=ewei_shopv2&do=mobile&r=member',
    'menuid' => '418167167',
    'from' => 'ozapJwdAOLc0TUOOgZxiowyGgBk0',
    'to' => 'gh_2ac110140a4d',
    'time' => '1503713071',
    'type' => 'text',
    'content' => 'http://shanque.zhangshuoyin.cn/app/index.php?i=1&c=entry&m=ewei_shopv2&do=mobile&r=member',
    'redirection' => true,
    'source' => 'VIEW',
  ),
)

2017-08-26 10:02:27 response :
------------

2017-08-26 10:02:33 trace :
------------
String:
<xml><ToUserName><![CDATA[gh_2ac110140a4d]]></ToUserName>
<FromUserName><![CDATA[ozapJwdAOLc0TUOOgZxiowyGgBk0]]></FromUserName>
<CreateTime>1503713076</CreateTime>
<MsgType><![CDATA[event]]></MsgType>
<Event><![CDATA[VIEW]]></Event>
<EventKey><![CDATA[http://shanque.zhangshuoyin.cn/app/index.php?i=1&c=entry&m=ewei_shopv2&do=mobile]]></EventKey>
<MenuId>418167167</MenuId>
</xml>

2017-08-26 10:02:33 params :
------------
String:
array (
  'rule' => -2,
  'module' => '',
  'message' => 
  array (
    'tousername' => 'gh_2ac110140a4d',
    'fromusername' => 'ozapJwdAOLc0TUOOgZxiowyGgBk0',
    'createtime' => '1503713076',
    'msgtype' => 'event',
    'event' => 'VIEW',
    'eventkey' => 'http://shanque.zhangshuoyin.cn/app/index.php?i=1&c=entry&m=ewei_shopv2&do=mobile',
    'menuid' => '418167167',
    'from' => 'ozapJwdAOLc0TUOOgZxiowyGgBk0',
    'to' => 'gh_2ac110140a4d',
    'time' => '1503713076',
    'type' => 'text',
    'content' => 'http://shanque.zhangshuoyin.cn/app/index.php?i=1&c=entry&m=ewei_shopv2&do=mobile',
    'redirection' => true,
    'source' => 'VIEW',
  ),
)

2017-08-26 10:02:33 response :
------------

2017-08-26 10:03:55 trace :
------------
String:
<xml><ToUserName><![CDATA[gh_2ac110140a4d]]></ToUserName>
<FromUserName><![CDATA[ozapJwdAOLc0TUOOgZxiowyGgBk0]]></FromUserName>
<CreateTime>1503713158</CreateTime>
<MsgType><![CDATA[event]]></MsgType>
<Event><![CDATA[VIEW]]></Event>
<EventKey><![CDATA[http://shanque.zhangshuoyin.cn/app/./index.php?i=1&c=entry&eid=119]]></EventKey>
<MenuId>418167167</MenuId>
</xml>

2017-08-26 10:03:55 params :
------------
String:
array (
  'rule' => -2,
  'module' => '',
  'message' => 
  array (
    'tousername' => 'gh_2ac110140a4d',
    'fromusername' => 'ozapJwdAOLc0TUOOgZxiowyGgBk0',
    'createtime' => '1503713158',
    'msgtype' => 'event',
    'event' => 'VIEW',
    'eventkey' => 'http://shanque.zhangshuoyin.cn/app/./index.php?i=1&c=entry&eid=119',
    'menuid' => '418167167',
    'from' => 'ozapJwdAOLc0TUOOgZxiowyGgBk0',
    'to' => 'gh_2ac110140a4d',
    'time' => '1503713158',
    'type' => 'text',
    'content' => 'http://shanque.zhangshuoyin.cn/app/./index.php?i=1&c=entry&eid=119',
    'redirection' => true,
    'source' => 'VIEW',
  ),
)

2017-08-26 10:03:55 response :
------------

