2017-09-08 10:23:21 trace :
------------
String:
<xml><ToUserName><![CDATA[gh_2ac110140a4d]]></ToUserName>
<FromUserName><![CDATA[ozapJwQiFMH_ICUsHYxUfBzgwxxQ]]></FromUserName>
<CreateTime>1504837500</CreateTime>
<MsgType><![CDATA[event]]></MsgType>
<Event><![CDATA[VIEW]]></Event>
<EventKey><![CDATA[http://shanque.zhangshuoyin.cn/app/./index.php?i=1&c=entry&eid=119]]></EventKey>
<MenuId>418167167</MenuId>
</xml>

2017-09-08 10:23:21 params :
------------
String:
array (
  'rule' => -2,
  'module' => '',
  'message' => 
  array (
    'tousername' => 'gh_2ac110140a4d',
    'fromusername' => 'ozapJwQiFMH_ICUsHYxUfBzgwxxQ',
    'createtime' => '1504837500',
    'msgtype' => 'event',
    'event' => 'VIEW',
    'eventkey' => 'http://shanque.zhangshuoyin.cn/app/./index.php?i=1&c=entry&eid=119',
    'menuid' => '418167167',
    'from' => 'ozapJwQiFMH_ICUsHYxUfBzgwxxQ',
    'to' => 'gh_2ac110140a4d',
    'time' => '1504837500',
    'type' => 'text',
    'content' => 'http://shanque.zhangshuoyin.cn/app/./index.php?i=1&c=entry&eid=119',
    'redirection' => true,
    'source' => 'VIEW',
  ),
)

2017-09-08 10:23:21 response :
------------

2017-09-08 10:23:41 trace :
------------
String:
<xml><ToUserName><![CDATA[gh_2ac110140a4d]]></ToUserName>
<FromUserName><![CDATA[ozapJwQiFMH_ICUsHYxUfBzgwxxQ]]></FromUserName>
<CreateTime>1504837520</CreateTime>
<MsgType><![CDATA[event]]></MsgType>
<Event><![CDATA[VIEW]]></Event>
<EventKey><![CDATA[http://shanque.zhangshuoyin.cn/app/./index.php?i=1&c=entry&eid=119]]></EventKey>
<MenuId>418167167</MenuId>
</xml>

2017-09-08 10:23:41 params :
------------
String:
array (
  'rule' => -2,
  'module' => '',
  'message' => 
  array (
    'tousername' => 'gh_2ac110140a4d',
    'fromusername' => 'ozapJwQiFMH_ICUsHYxUfBzgwxxQ',
    'createtime' => '1504837520',
    'msgtype' => 'event',
    'event' => 'VIEW',
    'eventkey' => 'http://shanque.zhangshuoyin.cn/app/./index.php?i=1&c=entry&eid=119',
    'menuid' => '418167167',
    'from' => 'ozapJwQiFMH_ICUsHYxUfBzgwxxQ',
    'to' => 'gh_2ac110140a4d',
    'time' => '1504837520',
    'type' => 'text',
    'content' => 'http://shanque.zhangshuoyin.cn/app/./index.php?i=1&c=entry&eid=119',
    'redirection' => true,
    'source' => 'VIEW',
  ),
)

2017-09-08 10:23:41 response :
------------

2017-09-08 12:45:54 trace :
------------
String:
<xml><ToUserName><![CDATA[gh_2ac110140a4d]]></ToUserName>
<FromUserName><![CDATA[ozapJwWVEJeaDj_VuU4y6agapylo]]></FromUserName>
<CreateTime>1504846054</CreateTime>
<MsgType><![CDATA[event]]></MsgType>
<Event><![CDATA[VIEW]]></Event>
<EventKey><![CDATA[http://shanque.zhangshuoyin.cn/app/./index.php?i=1&c=entry&eid=119]]></EventKey>
<MenuId>418167167</MenuId>
</xml>

2017-09-08 12:45:54 params :
------------
String:
array (
  'rule' => -2,
  'module' => '',
  'message' => 
  array (
    'tousername' => 'gh_2ac110140a4d',
    'fromusername' => 'ozapJwWVEJeaDj_VuU4y6agapylo',
    'createtime' => '1504846054',
    'msgtype' => 'event',
    'event' => 'VIEW',
    'eventkey' => 'http://shanque.zhangshuoyin.cn/app/./index.php?i=1&c=entry&eid=119',
    'menuid' => '418167167',
    'from' => 'ozapJwWVEJeaDj_VuU4y6agapylo',
    'to' => 'gh_2ac110140a4d',
    'time' => '1504846054',
    'type' => 'text',
    'content' => 'http://shanque.zhangshuoyin.cn/app/./index.php?i=1&c=entry&eid=119',
    'redirection' => true,
    'source' => 'VIEW',
  ),
)

2017-09-08 12:45:54 response :
------------

2017-09-08 12:46:04 SQL Error :
------------
String:
SQL: <br/>SELECT r.*,  r.hotelid AS store_base_id, h.title AS hoteltitle FROM `ims_storex_goods` r LEFT JOIN `ims_storex_bases` h ON  r.hotelid = h.id  WHERE r.weid = '1'  ORDER BY h.id, r.sortid DESC LIMIT 0,20<hr/>Params: <br/>array (
)<hr/>SQL Error: <br/>Unknown column 'r.hotelid' in 'field list'<hr/>Traces: <br/>file: /framework/class/db.class.php; line: 195; <br />file: /framework/function/pdo.func.php; line: 44; <br />file: /addons/wn_storex/inc/web/goodsmanage.inc.php; line: 279; <br />file: /addons/wn_storex/site.php; line: 61; <br />file: /web/source/site/entry.ctrl.php; line: 81; <br />file: /web/source/site/entry.ctrl.php; line: 81; <br />file: /web/index.php; line: 191; <br />

2017-09-08 12:46:04 SQL Error :
------------
String:
SQL: <br/>SELECT COUNT(*) FROM `ims_storex_goods` r LEFT JOIN `ims_storex_bases` h ON  r.hotelid = h.id  WHERE r.weid = '1' <hr/>Params: <br/>array (
)<hr/>SQL Error: <br/>Unknown column 'r.hotelid' in 'on clause'<hr/>Traces: <br/>file: /framework/class/db.class.php; line: 141; <br />file: /framework/function/pdo.func.php; line: 36; <br />file: /addons/wn_storex/inc/web/goodsmanage.inc.php; line: 280; <br />file: /addons/wn_storex/site.php; line: 61; <br />file: /web/source/site/entry.ctrl.php; line: 81; <br />file: /web/source/site/entry.ctrl.php; line: 81; <br />file: /web/index.php; line: 191; <br />

2017-09-08 13:38:50 trace :
------------
String:
<xml><ToUserName><![CDATA[gh_2ac110140a4d]]></ToUserName>
<FromUserName><![CDATA[ozapJwQiFMH_ICUsHYxUfBzgwxxQ]]></FromUserName>
<CreateTime>1504849231</CreateTime>
<MsgType><![CDATA[event]]></MsgType>
<Event><![CDATA[VIEW]]></Event>
<EventKey><![CDATA[http://shanque.zhangshuoyin.cn/app/./index.php?i=1&c=entry&eid=119]]></EventKey>
<MenuId>418167167</MenuId>
</xml>

2017-09-08 13:38:50 params :
------------
String:
array (
  'rule' => -2,
  'module' => '',
  'message' => 
  array (
    'tousername' => 'gh_2ac110140a4d',
    'fromusername' => 'ozapJwQiFMH_ICUsHYxUfBzgwxxQ',
    'createtime' => '1504849231',
    'msgtype' => 'event',
    'event' => 'VIEW',
    'eventkey' => 'http://shanque.zhangshuoyin.cn/app/./index.php?i=1&c=entry&eid=119',
    'menuid' => '418167167',
    'from' => 'ozapJwQiFMH_ICUsHYxUfBzgwxxQ',
    'to' => 'gh_2ac110140a4d',
    'time' => '1504849231',
    'type' => 'text',
    'content' => 'http://shanque.zhangshuoyin.cn/app/./index.php?i=1&c=entry&eid=119',
    'redirection' => true,
    'source' => 'VIEW',
  ),
)

2017-09-08 13:38:50 response :
------------

2017-09-08 14:13:51 SQL Error :
------------
String:
SQL: <br/>SELECT r.*,  r.hotelid AS store_base_id, h.title AS hoteltitle FROM `ims_storex_goods` r LEFT JOIN `ims_storex_bases` h ON  r.hotelid = h.id  WHERE r.weid = '1'  ORDER BY h.id, r.sortid DESC LIMIT 0,20<hr/>Params: <br/>array (
)<hr/>SQL Error: <br/>Unknown column 'r.hotelid' in 'field list'<hr/>Traces: <br/>file: /framework/class/db.class.php; line: 195; <br />file: /framework/function/pdo.func.php; line: 44; <br />file: /addons/wn_storex/inc/web/goodsmanage.inc.php; line: 279; <br />file: /addons/wn_storex/site.php; line: 61; <br />file: /web/source/site/entry.ctrl.php; line: 81; <br />file: /web/source/site/entry.ctrl.php; line: 81; <br />file: /web/index.php; line: 191; <br />

2017-09-08 14:13:51 SQL Error :
------------
String:
SQL: <br/>SELECT COUNT(*) FROM `ims_storex_goods` r LEFT JOIN `ims_storex_bases` h ON  r.hotelid = h.id  WHERE r.weid = '1' <hr/>Params: <br/>array (
)<hr/>SQL Error: <br/>Unknown column 'r.hotelid' in 'on clause'<hr/>Traces: <br/>file: /framework/class/db.class.php; line: 141; <br />file: /framework/function/pdo.func.php; line: 36; <br />file: /addons/wn_storex/inc/web/goodsmanage.inc.php; line: 280; <br />file: /addons/wn_storex/site.php; line: 61; <br />file: /web/source/site/entry.ctrl.php; line: 81; <br />file: /web/source/site/entry.ctrl.php; line: 81; <br />file: /web/index.php; line: 191; <br />

2017-09-08 19:15:44 trace :
------------
String:
<xml><ToUserName><![CDATA[gh_2ac110140a4d]]></ToUserName>
<FromUserName><![CDATA[ozapJwXWYWxt2rQMM2C1YMurAPjg]]></FromUserName>
<CreateTime>1504869444</CreateTime>
<MsgType><![CDATA[event]]></MsgType>
<Event><![CDATA[VIEW]]></Event>
<EventKey><![CDATA[http://shanque.zhangshuoyin.cn/app/./index.php?i=1&c=entry&eid=119]]></EventKey>
<MenuId>418167167</MenuId>
</xml>

2017-09-08 19:15:44 params :
------------
String:
array (
  'rule' => -2,
  'module' => '',
  'message' => 
  array (
    'tousername' => 'gh_2ac110140a4d',
    'fromusername' => 'ozapJwXWYWxt2rQMM2C1YMurAPjg',
    'createtime' => '1504869444',
    'msgtype' => 'event',
    'event' => 'VIEW',
    'eventkey' => 'http://shanque.zhangshuoyin.cn/app/./index.php?i=1&c=entry&eid=119',
    'menuid' => '418167167',
    'from' => 'ozapJwXWYWxt2rQMM2C1YMurAPjg',
    'to' => 'gh_2ac110140a4d',
    'time' => '1504869444',
    'type' => 'text',
    'content' => 'http://shanque.zhangshuoyin.cn/app/./index.php?i=1&c=entry&eid=119',
    'redirection' => true,
    'source' => 'VIEW',
  ),
)

2017-09-08 19:15:44 response :
------------

2017-09-08 19:16:26 trace :
------------
String:
<xml><ToUserName><![CDATA[gh_2ac110140a4d]]></ToUserName>
<FromUserName><![CDATA[ozapJwXWYWxt2rQMM2C1YMurAPjg]]></FromUserName>
<CreateTime>1504869486</CreateTime>
<MsgType><![CDATA[event]]></MsgType>
<Event><![CDATA[VIEW]]></Event>
<EventKey><![CDATA[http://shanque.zhangshuoyin.cn/app/./index.php?i=1&c=entry&eid=119]]></EventKey>
<MenuId>418167167</MenuId>
</xml>

2017-09-08 19:16:26 params :
------------
String:
array (
  'rule' => -2,
  'module' => '',
  'message' => 
  array (
    'tousername' => 'gh_2ac110140a4d',
    'fromusername' => 'ozapJwXWYWxt2rQMM2C1YMurAPjg',
    'createtime' => '1504869486',
    'msgtype' => 'event',
    'event' => 'VIEW',
    'eventkey' => 'http://shanque.zhangshuoyin.cn/app/./index.php?i=1&c=entry&eid=119',
    'menuid' => '418167167',
    'from' => 'ozapJwXWYWxt2rQMM2C1YMurAPjg',
    'to' => 'gh_2ac110140a4d',
    'time' => '1504869486',
    'type' => 'text',
    'content' => 'http://shanque.zhangshuoyin.cn/app/./index.php?i=1&c=entry&eid=119',
    'redirection' => true,
    'source' => 'VIEW',
  ),
)

2017-09-08 19:16:26 response :
------------

2017-09-08 19:16:54 trace :
------------
String:
<xml><ToUserName><![CDATA[gh_2ac110140a4d]]></ToUserName>
<FromUserName><![CDATA[ozapJwXWYWxt2rQMM2C1YMurAPjg]]></FromUserName>
<CreateTime>1504869515</CreateTime>
<MsgType><![CDATA[event]]></MsgType>
<Event><![CDATA[VIEW]]></Event>
<EventKey><![CDATA[http://shanque.zhangshuoyin.cn/app/./index.php?i=1&c=entry&eid=119]]></EventKey>
<MenuId>418167167</MenuId>
</xml>

2017-09-08 19:16:54 params :
------------
String:
array (
  'rule' => -2,
  'module' => '',
  'message' => 
  array (
    'tousername' => 'gh_2ac110140a4d',
    'fromusername' => 'ozapJwXWYWxt2rQMM2C1YMurAPjg',
    'createtime' => '1504869515',
    'msgtype' => 'event',
    'event' => 'VIEW',
    'eventkey' => 'http://shanque.zhangshuoyin.cn/app/./index.php?i=1&c=entry&eid=119',
    'menuid' => '418167167',
    'from' => 'ozapJwXWYWxt2rQMM2C1YMurAPjg',
    'to' => 'gh_2ac110140a4d',
    'time' => '1504869515',
    'type' => 'text',
    'content' => 'http://shanque.zhangshuoyin.cn/app/./index.php?i=1&c=entry&eid=119',
    'redirection' => true,
    'source' => 'VIEW',
  ),
)

2017-09-08 19:16:54 response :
------------

2017-09-08 19:20:24 trace :
------------
String:
<xml><ToUserName><![CDATA[gh_2ac110140a4d]]></ToUserName>
<FromUserName><![CDATA[ozapJwXWYWxt2rQMM2C1YMurAPjg]]></FromUserName>
<CreateTime>1504869725</CreateTime>
<MsgType><![CDATA[event]]></MsgType>
<Event><![CDATA[VIEW]]></Event>
<EventKey><![CDATA[http://shanque.zhangshuoyin.cn/app/index.php?i=1&c=entry&m=ewei_shopv2&do=mobile]]></EventKey>
<MenuId>418167167</MenuId>
</xml>

2017-09-08 19:20:24 params :
------------
String:
array (
  'rule' => -2,
  'module' => '',
  'message' => 
  array (
    'tousername' => 'gh_2ac110140a4d',
    'fromusername' => 'ozapJwXWYWxt2rQMM2C1YMurAPjg',
    'createtime' => '1504869725',
    'msgtype' => 'event',
    'event' => 'VIEW',
    'eventkey' => 'http://shanque.zhangshuoyin.cn/app/index.php?i=1&c=entry&m=ewei_shopv2&do=mobile',
    'menuid' => '418167167',
    'from' => 'ozapJwXWYWxt2rQMM2C1YMurAPjg',
    'to' => 'gh_2ac110140a4d',
    'time' => '1504869725',
    'type' => 'text',
    'content' => 'http://shanque.zhangshuoyin.cn/app/index.php?i=1&c=entry&m=ewei_shopv2&do=mobile',
    'redirection' => true,
    'source' => 'VIEW',
  ),
)

2017-09-08 19:20:24 response :
------------

2017-09-08 19:20:47 trace :
------------
String:
<xml><ToUserName><![CDATA[gh_2ac110140a4d]]></ToUserName>
<FromUserName><![CDATA[ozapJwXWYWxt2rQMM2C1YMurAPjg]]></FromUserName>
<CreateTime>1504869747</CreateTime>
<MsgType><![CDATA[event]]></MsgType>
<Event><![CDATA[VIEW]]></Event>
<EventKey><![CDATA[http://shanque.zhangshuoyin.cn/app/index.php?i=1&c=entry&m=ewei_shopv2&do=mobile]]></EventKey>
<MenuId>418167167</MenuId>
</xml>

2017-09-08 19:20:47 params :
------------
String:
array (
  'rule' => -2,
  'module' => '',
  'message' => 
  array (
    'tousername' => 'gh_2ac110140a4d',
    'fromusername' => 'ozapJwXWYWxt2rQMM2C1YMurAPjg',
    'createtime' => '1504869747',
    'msgtype' => 'event',
    'event' => 'VIEW',
    'eventkey' => 'http://shanque.zhangshuoyin.cn/app/index.php?i=1&c=entry&m=ewei_shopv2&do=mobile',
    'menuid' => '418167167',
    'from' => 'ozapJwXWYWxt2rQMM2C1YMurAPjg',
    'to' => 'gh_2ac110140a4d',
    'time' => '1504869747',
    'type' => 'text',
    'content' => 'http://shanque.zhangshuoyin.cn/app/index.php?i=1&c=entry&m=ewei_shopv2&do=mobile',
    'redirection' => true,
    'source' => 'VIEW',
  ),
)

2017-09-08 19:20:47 response :
------------

2017-09-08 19:20:51 trace :
------------
String:
<xml><ToUserName><![CDATA[gh_2ac110140a4d]]></ToUserName>
<FromUserName><![CDATA[ozapJwXWYWxt2rQMM2C1YMurAPjg]]></FromUserName>
<CreateTime>1504869752</CreateTime>
<MsgType><![CDATA[event]]></MsgType>
<Event><![CDATA[VIEW]]></Event>
<EventKey><![CDATA[http://shanque.zhangshuoyin.cn/app/./index.php?i=1&c=entry&eid=119]]></EventKey>
<MenuId>418167167</MenuId>
</xml>

2017-09-08 19:20:51 params :
------------
String:
array (
  'rule' => -2,
  'module' => '',
  'message' => 
  array (
    'tousername' => 'gh_2ac110140a4d',
    'fromusername' => 'ozapJwXWYWxt2rQMM2C1YMurAPjg',
    'createtime' => '1504869752',
    'msgtype' => 'event',
    'event' => 'VIEW',
    'eventkey' => 'http://shanque.zhangshuoyin.cn/app/./index.php?i=1&c=entry&eid=119',
    'menuid' => '418167167',
    'from' => 'ozapJwXWYWxt2rQMM2C1YMurAPjg',
    'to' => 'gh_2ac110140a4d',
    'time' => '1504869752',
    'type' => 'text',
    'content' => 'http://shanque.zhangshuoyin.cn/app/./index.php?i=1&c=entry&eid=119',
    'redirection' => true,
    'source' => 'VIEW',
  ),
)

2017-09-08 19:20:51 response :
------------

2017-09-08 20:41:50 trace :
------------
String:
<xml><ToUserName><![CDATA[gh_2ac110140a4d]]></ToUserName>
<FromUserName><![CDATA[ozapJwXWYWxt2rQMM2C1YMurAPjg]]></FromUserName>
<CreateTime>1504874611</CreateTime>
<MsgType><![CDATA[event]]></MsgType>
<Event><![CDATA[VIEW]]></Event>
<EventKey><![CDATA[http://shanque.zhangshuoyin.cn/app/./index.php?i=1&c=entry&eid=119]]></EventKey>
<MenuId>418167167</MenuId>
</xml>

2017-09-08 20:41:50 params :
------------
String:
array (
  'rule' => -2,
  'module' => '',
  'message' => 
  array (
    'tousername' => 'gh_2ac110140a4d',
    'fromusername' => 'ozapJwXWYWxt2rQMM2C1YMurAPjg',
    'createtime' => '1504874611',
    'msgtype' => 'event',
    'event' => 'VIEW',
    'eventkey' => 'http://shanque.zhangshuoyin.cn/app/./index.php?i=1&c=entry&eid=119',
    'menuid' => '418167167',
    'from' => 'ozapJwXWYWxt2rQMM2C1YMurAPjg',
    'to' => 'gh_2ac110140a4d',
    'time' => '1504874611',
    'type' => 'text',
    'content' => 'http://shanque.zhangshuoyin.cn/app/./index.php?i=1&c=entry&eid=119',
    'redirection' => true,
    'source' => 'VIEW',
  ),
)

2017-09-08 20:41:50 response :
------------

2017-09-08 20:45:40 trace :
------------
String:
<xml><ToUserName><![CDATA[gh_2ac110140a4d]]></ToUserName>
<FromUserName><![CDATA[ozapJwXWYWxt2rQMM2C1YMurAPjg]]></FromUserName>
<CreateTime>1504874841</CreateTime>
<MsgType><![CDATA[event]]></MsgType>
<Event><![CDATA[VIEW]]></Event>
<EventKey><![CDATA[http://shanque.zhangshuoyin.cn/app/./index.php?i=1&c=entry&eid=119]]></EventKey>
<MenuId>418167167</MenuId>
</xml>

2017-09-08 20:45:40 params :
------------
String:
array (
  'rule' => -2,
  'module' => '',
  'message' => 
  array (
    'tousername' => 'gh_2ac110140a4d',
    'fromusername' => 'ozapJwXWYWxt2rQMM2C1YMurAPjg',
    'createtime' => '1504874841',
    'msgtype' => 'event',
    'event' => 'VIEW',
    'eventkey' => 'http://shanque.zhangshuoyin.cn/app/./index.php?i=1&c=entry&eid=119',
    'menuid' => '418167167',
    'from' => 'ozapJwXWYWxt2rQMM2C1YMurAPjg',
    'to' => 'gh_2ac110140a4d',
    'time' => '1504874841',
    'type' => 'text',
    'content' => 'http://shanque.zhangshuoyin.cn/app/./index.php?i=1&c=entry&eid=119',
    'redirection' => true,
    'source' => 'VIEW',
  ),
)

2017-09-08 20:45:40 response :
------------

