2017-09-05 23:17:01 trace :
------------
String:
<xml><ToUserName><![CDATA[gh_2ac110140a4d]]></ToUserName>
<FromUserName><![CDATA[ozapJwdAOLc0TUOOgZxiowyGgBk0]]></FromUserName>
<CreateTime>1504624771</CreateTime>
<MsgType><![CDATA[event]]></MsgType>
<Event><![CDATA[VIEW]]></Event>
<EventKey><![CDATA[http://shanque.zhangshuoyin.cn/app/./index.php?i=1&c=entry&eid=119]]></EventKey>
<MenuId>418167167</MenuId>
</xml>

2017-09-05 23:17:01 params :
------------
String:
array (
  'rule' => -2,
  'module' => '',
  'message' => 
  array (
    'tousername' => 'gh_2ac110140a4d',
    'fromusername' => 'ozapJwdAOLc0TUOOgZxiowyGgBk0',
    'createtime' => '1504624771',
    'msgtype' => 'event',
    'event' => 'VIEW',
    'eventkey' => 'http://shanque.zhangshuoyin.cn/app/./index.php?i=1&c=entry&eid=119',
    'menuid' => '418167167',
    'from' => 'ozapJwdAOLc0TUOOgZxiowyGgBk0',
    'to' => 'gh_2ac110140a4d',
    'time' => '1504624771',
    'type' => 'text',
    'content' => 'http://shanque.zhangshuoyin.cn/app/./index.php?i=1&c=entry&eid=119',
    'redirection' => true,
    'source' => 'VIEW',
  ),
)

2017-09-05 23:17:01 response :
------------

2017-09-05 23:17:13 trace :
------------
String:
<xml><ToUserName><![CDATA[gh_2ac110140a4d]]></ToUserName>
<FromUserName><![CDATA[ozapJwdAOLc0TUOOgZxiowyGgBk0]]></FromUserName>
<CreateTime>1504624785</CreateTime>
<MsgType><![CDATA[event]]></MsgType>
<Event><![CDATA[VIEW]]></Event>
<EventKey><![CDATA[http://shanque.zhangshuoyin.cn/app/index.php?i=1&c=entry&m=ewei_shopv2&do=mobile]]></EventKey>
<MenuId>418167167</MenuId>
</xml>

2017-09-05 23:17:13 params :
------------
String:
array (
  'rule' => -2,
  'module' => '',
  'message' => 
  array (
    'tousername' => 'gh_2ac110140a4d',
    'fromusername' => 'ozapJwdAOLc0TUOOgZxiowyGgBk0',
    'createtime' => '1504624785',
    'msgtype' => 'event',
    'event' => 'VIEW',
    'eventkey' => 'http://shanque.zhangshuoyin.cn/app/index.php?i=1&c=entry&m=ewei_shopv2&do=mobile',
    'menuid' => '418167167',
    'from' => 'ozapJwdAOLc0TUOOgZxiowyGgBk0',
    'to' => 'gh_2ac110140a4d',
    'time' => '1504624785',
    'type' => 'text',
    'content' => 'http://shanque.zhangshuoyin.cn/app/index.php?i=1&c=entry&m=ewei_shopv2&do=mobile',
    'redirection' => true,
    'source' => 'VIEW',
  ),
)

2017-09-05 23:17:13 response :
------------

