2017-08-27 18:19:42 trace :
------------
String:
<xml><ToUserName><![CDATA[gh_2ac110140a4d]]></ToUserName>
<FromUserName><![CDATA[ozapJwdAOLc0TUOOgZxiowyGgBk0]]></FromUserName>
<CreateTime>1503829308</CreateTime>
<MsgType><![CDATA[event]]></MsgType>
<Event><![CDATA[VIEW]]></Event>
<EventKey><![CDATA[http://shanque.zhangshuoyin.cn/app/index.php?i=1&c=entry&m=ewei_shopv2&do=mobile]]></EventKey>
<MenuId>418167167</MenuId>
</xml>

2017-08-27 18:19:42 params :
------------
String:
array (
  'rule' => -2,
  'module' => '',
  'message' => 
  array (
    'tousername' => 'gh_2ac110140a4d',
    'fromusername' => 'ozapJwdAOLc0TUOOgZxiowyGgBk0',
    'createtime' => '1503829308',
    'msgtype' => 'event',
    'event' => 'VIEW',
    'eventkey' => 'http://shanque.zhangshuoyin.cn/app/index.php?i=1&c=entry&m=ewei_shopv2&do=mobile',
    'menuid' => '418167167',
    'from' => 'ozapJwdAOLc0TUOOgZxiowyGgBk0',
    'to' => 'gh_2ac110140a4d',
    'time' => '1503829308',
    'type' => 'text',
    'content' => 'http://shanque.zhangshuoyin.cn/app/index.php?i=1&c=entry&m=ewei_shopv2&do=mobile',
    'redirection' => true,
    'source' => 'VIEW',
  ),
)

2017-08-27 18:19:42 response :
------------

2017-08-27 18:19:46 trace :
------------
String:
<xml><ToUserName><![CDATA[gh_2ac110140a4d]]></ToUserName>
<FromUserName><![CDATA[ozapJwdAOLc0TUOOgZxiowyGgBk0]]></FromUserName>
<CreateTime>1503829313</CreateTime>
<MsgType><![CDATA[event]]></MsgType>
<Event><![CDATA[VIEW]]></Event>
<EventKey><![CDATA[http://shanque.zhangshuoyin.cn/app/./index.php?i=1&c=entry&eid=119]]></EventKey>
<MenuId>418167167</MenuId>
</xml>

2017-08-27 18:19:46 params :
------------
String:
array (
  'rule' => -2,
  'module' => '',
  'message' => 
  array (
    'tousername' => 'gh_2ac110140a4d',
    'fromusername' => 'ozapJwdAOLc0TUOOgZxiowyGgBk0',
    'createtime' => '1503829313',
    'msgtype' => 'event',
    'event' => 'VIEW',
    'eventkey' => 'http://shanque.zhangshuoyin.cn/app/./index.php?i=1&c=entry&eid=119',
    'menuid' => '418167167',
    'from' => 'ozapJwdAOLc0TUOOgZxiowyGgBk0',
    'to' => 'gh_2ac110140a4d',
    'time' => '1503829313',
    'type' => 'text',
    'content' => 'http://shanque.zhangshuoyin.cn/app/./index.php?i=1&c=entry&eid=119',
    'redirection' => true,
    'source' => 'VIEW',
  ),
)

2017-08-27 18:19:46 response :
------------

2017-08-27 18:20:05 trace :
------------
String:
<xml><ToUserName><![CDATA[gh_2ac110140a4d]]></ToUserName>
<FromUserName><![CDATA[ozapJwdAOLc0TUOOgZxiowyGgBk0]]></FromUserName>
<CreateTime>1503829327</CreateTime>
<MsgType><![CDATA[event]]></MsgType>
<Event><![CDATA[VIEW]]></Event>
<EventKey><![CDATA[http://shanque.zhangshuoyin.cn/app/index.php?i=1&c=entry&m=ewei_shopv2&do=mobile]]></EventKey>
<MenuId>418167167</MenuId>
</xml>

2017-08-27 18:20:05 params :
------------
String:
array (
  'rule' => -2,
  'module' => '',
  'message' => 
  array (
    'tousername' => 'gh_2ac110140a4d',
    'fromusername' => 'ozapJwdAOLc0TUOOgZxiowyGgBk0',
    'createtime' => '1503829327',
    'msgtype' => 'event',
    'event' => 'VIEW',
    'eventkey' => 'http://shanque.zhangshuoyin.cn/app/index.php?i=1&c=entry&m=ewei_shopv2&do=mobile',
    'menuid' => '418167167',
    'from' => 'ozapJwdAOLc0TUOOgZxiowyGgBk0',
    'to' => 'gh_2ac110140a4d',
    'time' => '1503829327',
    'type' => 'text',
    'content' => 'http://shanque.zhangshuoyin.cn/app/index.php?i=1&c=entry&m=ewei_shopv2&do=mobile',
    'redirection' => true,
    'source' => 'VIEW',
  ),
)

2017-08-27 18:20:05 response :
------------

2017-08-27 20:57:19 trace :
------------
String:
<xml><ToUserName><![CDATA[gh_2ac110140a4d]]></ToUserName>
<FromUserName><![CDATA[ozapJwdAOLc0TUOOgZxiowyGgBk0]]></FromUserName>
<CreateTime>1503838766</CreateTime>
<MsgType><![CDATA[event]]></MsgType>
<Event><![CDATA[VIEW]]></Event>
<EventKey><![CDATA[http://shanque.zhangshuoyin.cn/app/index.php?i=1&c=entry&m=ewei_shopv2&do=mobile]]></EventKey>
<MenuId>418167167</MenuId>
</xml>

2017-08-27 20:57:19 params :
------------
String:
array (
  'rule' => -2,
  'module' => '',
  'message' => 
  array (
    'tousername' => 'gh_2ac110140a4d',
    'fromusername' => 'ozapJwdAOLc0TUOOgZxiowyGgBk0',
    'createtime' => '1503838766',
    'msgtype' => 'event',
    'event' => 'VIEW',
    'eventkey' => 'http://shanque.zhangshuoyin.cn/app/index.php?i=1&c=entry&m=ewei_shopv2&do=mobile',
    'menuid' => '418167167',
    'from' => 'ozapJwdAOLc0TUOOgZxiowyGgBk0',
    'to' => 'gh_2ac110140a4d',
    'time' => '1503838766',
    'type' => 'text',
    'content' => 'http://shanque.zhangshuoyin.cn/app/index.php?i=1&c=entry&m=ewei_shopv2&do=mobile',
    'redirection' => true,
    'source' => 'VIEW',
  ),
)

2017-08-27 20:57:19 response :
------------

2017-08-27 20:57:25 trace :
------------
String:
<xml><ToUserName><![CDATA[gh_2ac110140a4d]]></ToUserName>
<FromUserName><![CDATA[ozapJwdAOLc0TUOOgZxiowyGgBk0]]></FromUserName>
<CreateTime>1503838772</CreateTime>
<MsgType><![CDATA[event]]></MsgType>
<Event><![CDATA[VIEW]]></Event>
<EventKey><![CDATA[http://shanque.zhangshuoyin.cn/app/./index.php?i=1&c=entry&eid=119]]></EventKey>
<MenuId>418167167</MenuId>
</xml>

2017-08-27 20:57:25 params :
------------
String:
array (
  'rule' => -2,
  'module' => '',
  'message' => 
  array (
    'tousername' => 'gh_2ac110140a4d',
    'fromusername' => 'ozapJwdAOLc0TUOOgZxiowyGgBk0',
    'createtime' => '1503838772',
    'msgtype' => 'event',
    'event' => 'VIEW',
    'eventkey' => 'http://shanque.zhangshuoyin.cn/app/./index.php?i=1&c=entry&eid=119',
    'menuid' => '418167167',
    'from' => 'ozapJwdAOLc0TUOOgZxiowyGgBk0',
    'to' => 'gh_2ac110140a4d',
    'time' => '1503838772',
    'type' => 'text',
    'content' => 'http://shanque.zhangshuoyin.cn/app/./index.php?i=1&c=entry&eid=119',
    'redirection' => true,
    'source' => 'VIEW',
  ),
)

2017-08-27 20:57:25 response :
------------

2017-08-27 22:28:24 SQL Error :
------------
String:
SQL: <br/>SELECT r.*,  r.hotelid AS store_base_id, h.title AS hoteltitle FROM `ims_storex_goods` r LEFT JOIN `ims_storex_bases` h ON  r.hotelid = h.id  WHERE r.weid = '1'  ORDER BY h.id, r.sortid DESC LIMIT 0,20<hr/>Params: <br/>array (
)<hr/>SQL Error: <br/>Unknown column 'r.hotelid' in 'field list'<hr/>Traces: <br/>file: /framework/class/db.class.php; line: 195; <br />file: /framework/function/pdo.func.php; line: 44; <br />file: /addons/wn_storex/inc/web/goodsmanage.inc.php; line: 278; <br />file: /addons/wn_storex/site.php; line: 61; <br />file: /web/source/site/entry.ctrl.php; line: 81; <br />file: /web/source/site/entry.ctrl.php; line: 81; <br />file: /web/index.php; line: 191; <br />

2017-08-27 22:28:24 SQL Error :
------------
String:
SQL: <br/>SELECT COUNT(*) FROM `ims_storex_goods` r LEFT JOIN `ims_storex_bases` h ON  r.hotelid = h.id  WHERE r.weid = '1' <hr/>Params: <br/>array (
)<hr/>SQL Error: <br/>Unknown column 'r.hotelid' in 'on clause'<hr/>Traces: <br/>file: /framework/class/db.class.php; line: 141; <br />file: /framework/function/pdo.func.php; line: 36; <br />file: /addons/wn_storex/inc/web/goodsmanage.inc.php; line: 279; <br />file: /addons/wn_storex/site.php; line: 61; <br />file: /web/source/site/entry.ctrl.php; line: 81; <br />file: /web/source/site/entry.ctrl.php; line: 81; <br />file: /web/index.php; line: 191; <br />

2017-08-27 22:28:27 SQL Error :
------------
String:
SQL: <br/>SELECT r.*,  r.hotelid AS store_base_id, h.title AS hoteltitle FROM `ims_storex_goods` r LEFT JOIN `ims_storex_bases` h ON  r.hotelid = h.id  WHERE r.weid = '1'  ORDER BY h.id, r.sortid DESC LIMIT 0,20<hr/>Params: <br/>array (
)<hr/>SQL Error: <br/>Unknown column 'r.hotelid' in 'field list'<hr/>Traces: <br/>file: /framework/class/db.class.php; line: 195; <br />file: /framework/function/pdo.func.php; line: 44; <br />file: /addons/wn_storex/inc/web/goodsmanage.inc.php; line: 278; <br />file: /addons/wn_storex/site.php; line: 61; <br />file: /web/source/site/entry.ctrl.php; line: 81; <br />file: /web/source/site/entry.ctrl.php; line: 81; <br />file: /web/index.php; line: 191; <br />

2017-08-27 22:28:27 SQL Error :
------------
String:
SQL: <br/>SELECT COUNT(*) FROM `ims_storex_goods` r LEFT JOIN `ims_storex_bases` h ON  r.hotelid = h.id  WHERE r.weid = '1' <hr/>Params: <br/>array (
)<hr/>SQL Error: <br/>Unknown column 'r.hotelid' in 'on clause'<hr/>Traces: <br/>file: /framework/class/db.class.php; line: 141; <br />file: /framework/function/pdo.func.php; line: 36; <br />file: /addons/wn_storex/inc/web/goodsmanage.inc.php; line: 279; <br />file: /addons/wn_storex/site.php; line: 61; <br />file: /web/source/site/entry.ctrl.php; line: 81; <br />file: /web/source/site/entry.ctrl.php; line: 81; <br />file: /web/index.php; line: 191; <br />

2017-08-27 22:28:35 SQL Error :
------------
String:
SQL: <br/>SELECT r.*,  r.hotelid AS store_base_id, h.title AS hoteltitle FROM `ims_storex_goods` r LEFT JOIN `ims_storex_bases` h ON  r.hotelid = h.id  WHERE r.weid = '1'  ORDER BY h.id, r.sortid DESC LIMIT 0,20<hr/>Params: <br/>array (
)<hr/>SQL Error: <br/>Unknown column 'r.hotelid' in 'field list'<hr/>Traces: <br/>file: /framework/class/db.class.php; line: 195; <br />file: /framework/function/pdo.func.php; line: 44; <br />file: /addons/wn_storex/inc/web/goodsmanage.inc.php; line: 278; <br />file: /addons/wn_storex/site.php; line: 61; <br />file: /web/source/site/entry.ctrl.php; line: 81; <br />file: /web/source/site/entry.ctrl.php; line: 81; <br />file: /web/index.php; line: 191; <br />

2017-08-27 22:28:35 SQL Error :
------------
String:
SQL: <br/>SELECT COUNT(*) FROM `ims_storex_goods` r LEFT JOIN `ims_storex_bases` h ON  r.hotelid = h.id  WHERE r.weid = '1' <hr/>Params: <br/>array (
)<hr/>SQL Error: <br/>Unknown column 'r.hotelid' in 'on clause'<hr/>Traces: <br/>file: /framework/class/db.class.php; line: 141; <br />file: /framework/function/pdo.func.php; line: 36; <br />file: /addons/wn_storex/inc/web/goodsmanage.inc.php; line: 279; <br />file: /addons/wn_storex/site.php; line: 61; <br />file: /web/source/site/entry.ctrl.php; line: 81; <br />file: /web/source/site/entry.ctrl.php; line: 81; <br />file: /web/index.php; line: 191; <br />

2017-08-27 22:28:38 SQL Error :
------------
String:
SQL: <br/>SELECT r.*,  r.hotelid AS store_base_id, h.title AS hoteltitle FROM `ims_storex_goods` r LEFT JOIN `ims_storex_bases` h ON  r.hotelid = h.id  WHERE r.weid = '1'  ORDER BY h.id, r.sortid DESC LIMIT 0,20<hr/>Params: <br/>array (
)<hr/>SQL Error: <br/>Unknown column 'r.hotelid' in 'field list'<hr/>Traces: <br/>file: /framework/class/db.class.php; line: 195; <br />file: /framework/function/pdo.func.php; line: 44; <br />file: /addons/wn_storex/inc/web/goodsmanage.inc.php; line: 278; <br />file: /addons/wn_storex/site.php; line: 61; <br />file: /web/source/site/entry.ctrl.php; line: 81; <br />file: /web/source/site/entry.ctrl.php; line: 81; <br />file: /web/index.php; line: 191; <br />

2017-08-27 22:28:38 SQL Error :
------------
String:
SQL: <br/>SELECT COUNT(*) FROM `ims_storex_goods` r LEFT JOIN `ims_storex_bases` h ON  r.hotelid = h.id  WHERE r.weid = '1' <hr/>Params: <br/>array (
)<hr/>SQL Error: <br/>Unknown column 'r.hotelid' in 'on clause'<hr/>Traces: <br/>file: /framework/class/db.class.php; line: 141; <br />file: /framework/function/pdo.func.php; line: 36; <br />file: /addons/wn_storex/inc/web/goodsmanage.inc.php; line: 279; <br />file: /addons/wn_storex/site.php; line: 61; <br />file: /web/source/site/entry.ctrl.php; line: 81; <br />file: /web/source/site/entry.ctrl.php; line: 81; <br />file: /web/index.php; line: 191; <br />

2017-08-27 22:55:08 SQL Error :
------------
String:
SQL: <br/>SELECT r.*,  r.hotelid AS store_base_id, h.title AS hoteltitle FROM `ims_storex_goods` r LEFT JOIN `ims_storex_bases` h ON  r.hotelid = h.id  WHERE r.weid = '1'  ORDER BY h.id, r.sortid DESC LIMIT 0,20<hr/>Params: <br/>array (
)<hr/>SQL Error: <br/>Unknown column 'r.hotelid' in 'field list'<hr/>Traces: <br/>file: /framework/class/db.class.php; line: 195; <br />file: /framework/function/pdo.func.php; line: 44; <br />file: /addons/wn_storex/inc/web/goodsmanage.inc.php; line: 278; <br />file: /addons/wn_storex/site.php; line: 61; <br />file: /web/source/site/entry.ctrl.php; line: 81; <br />file: /web/source/site/entry.ctrl.php; line: 81; <br />file: /web/index.php; line: 191; <br />

2017-08-27 22:55:08 SQL Error :
------------
String:
SQL: <br/>SELECT COUNT(*) FROM `ims_storex_goods` r LEFT JOIN `ims_storex_bases` h ON  r.hotelid = h.id  WHERE r.weid = '1' <hr/>Params: <br/>array (
)<hr/>SQL Error: <br/>Unknown column 'r.hotelid' in 'on clause'<hr/>Traces: <br/>file: /framework/class/db.class.php; line: 141; <br />file: /framework/function/pdo.func.php; line: 36; <br />file: /addons/wn_storex/inc/web/goodsmanage.inc.php; line: 279; <br />file: /addons/wn_storex/site.php; line: 61; <br />file: /web/source/site/entry.ctrl.php; line: 81; <br />file: /web/source/site/entry.ctrl.php; line: 81; <br />file: /web/index.php; line: 191; <br />

2017-08-27 22:56:44 SQL Error :
------------
String:
SQL: <br/>SELECT r.*,  r.hotelid AS store_base_id, h.title AS hoteltitle FROM `ims_storex_goods` r LEFT JOIN `ims_storex_bases` h ON  r.hotelid = h.id  WHERE r.weid = '1'  ORDER BY h.id, r.sortid DESC LIMIT 0,20<hr/>Params: <br/>array (
)<hr/>SQL Error: <br/>Unknown column 'r.hotelid' in 'field list'<hr/>Traces: <br/>file: /framework/class/db.class.php; line: 195; <br />file: /framework/function/pdo.func.php; line: 44; <br />file: /addons/wn_storex/inc/web/goodsmanage.inc.php; line: 278; <br />file: /addons/wn_storex/site.php; line: 61; <br />file: /web/source/site/entry.ctrl.php; line: 81; <br />file: /web/source/site/entry.ctrl.php; line: 81; <br />file: /web/index.php; line: 191; <br />

2017-08-27 22:56:44 SQL Error :
------------
String:
SQL: <br/>SELECT COUNT(*) FROM `ims_storex_goods` r LEFT JOIN `ims_storex_bases` h ON  r.hotelid = h.id  WHERE r.weid = '1' <hr/>Params: <br/>array (
)<hr/>SQL Error: <br/>Unknown column 'r.hotelid' in 'on clause'<hr/>Traces: <br/>file: /framework/class/db.class.php; line: 141; <br />file: /framework/function/pdo.func.php; line: 36; <br />file: /addons/wn_storex/inc/web/goodsmanage.inc.php; line: 279; <br />file: /addons/wn_storex/site.php; line: 61; <br />file: /web/source/site/entry.ctrl.php; line: 81; <br />file: /web/source/site/entry.ctrl.php; line: 81; <br />file: /web/index.php; line: 191; <br />

2017-08-27 23:33:03 SQL Error :
------------
String:
SQL: <br/>SELECT r.*,  r.hotelid AS store_base_id, h.title AS hoteltitle FROM `ims_storex_goods` r LEFT JOIN `ims_storex_bases` h ON  r.hotelid = h.id  WHERE r.weid = '1'  ORDER BY h.id, r.sortid DESC LIMIT 0,20<hr/>Params: <br/>array (
)<hr/>SQL Error: <br/>Unknown column 'r.hotelid' in 'field list'<hr/>Traces: <br/>file: /framework/class/db.class.php; line: 195; <br />file: /framework/function/pdo.func.php; line: 44; <br />file: /addons/wn_storex/inc/web/goodsmanage.inc.php; line: 278; <br />file: /addons/wn_storex/site.php; line: 61; <br />file: /web/source/site/entry.ctrl.php; line: 81; <br />file: /web/source/site/entry.ctrl.php; line: 81; <br />file: /web/index.php; line: 191; <br />

2017-08-27 23:33:03 SQL Error :
------------
String:
SQL: <br/>SELECT COUNT(*) FROM `ims_storex_goods` r LEFT JOIN `ims_storex_bases` h ON  r.hotelid = h.id  WHERE r.weid = '1' <hr/>Params: <br/>array (
)<hr/>SQL Error: <br/>Unknown column 'r.hotelid' in 'on clause'<hr/>Traces: <br/>file: /framework/class/db.class.php; line: 141; <br />file: /framework/function/pdo.func.php; line: 36; <br />file: /addons/wn_storex/inc/web/goodsmanage.inc.php; line: 279; <br />file: /addons/wn_storex/site.php; line: 61; <br />file: /web/source/site/entry.ctrl.php; line: 81; <br />file: /web/source/site/entry.ctrl.php; line: 81; <br />file: /web/index.php; line: 191; <br />

